<?xml version="1.0" encoding="UTF-8"?>
<!-- Generated by org.testng.reporters.JUnitReportReporter -->
<testsuite hostname="DESKTOP-KUHU04R" failures="0" tests="1" name="rest_assured_api_automation.GetRequestExample" time="1.755" errors="0" timestamp="2023-06-12T11:33:03 BDT" skipped="0">
  <testcase classname="rest_assured_api_automation.GetRequestExample" name="getRequestTest" time="1.755"/>
</testsuite> <!-- rest_assured_api_automation.GetRequestExample -->
