<?xml version="1.0" encoding="UTF-8"?>
<!-- Generated by org.testng.reporters.JUnitReportReporter -->
<testsuite hostname="DESKTOP-KUHU04R" failures="0" tests="1" name="rest_assured_api_automation.PostUser" time="3.438" errors="0" timestamp="2023-06-12T22:24:28 BDT" skipped="0">
  <testcase classname="rest_assured_api_automation.PostUser" name="CreateUser" time="3.438"/>
</testsuite> <!-- rest_assured_api_automation.PostUser -->
