<?xml version="1.0" encoding="UTF-8"?>
<!-- Generated by org.testng.reporters.JUnitReportReporter -->
<testsuite hostname="DESKTOP-KUHU04R" failures="0" tests="1" name="rest_assured_api_automation.UserList" time="1.737" errors="0" timestamp="2023-06-12T21:10:02 BDT" skipped="0">
  <testcase classname="rest_assured_api_automation.UserList" name="getUsers" time="1.737"/>
</testsuite> <!-- rest_assured_api_automation.UserList -->
