<?xml version="1.0" encoding="UTF-8"?>
<!-- Generated by org.testng.reporters.JUnitReportReporter -->
<testsuite hostname="DESKTOP-KUHU04R" failures="0" tests="1" name="rest_assured_api_automation.PostRequestExample" time="4.593" errors="0" timestamp="2023-06-12T21:19:08 BDT" skipped="0">
  <testcase classname="rest_assured_api_automation.PostRequestExample" name="CreateUser" time="4.593"/>
</testsuite> <!-- rest_assured_api_automation.PostRequestExample -->
